
 randomwalk knapsack_instances/knapsack_instances/knapsack0.txt

((18, 19, 352), (64, 210, 795), (1, 955, 1248), (8, 1126, 788), (31, 1557, 2186), (4, 1616, 2275), (100, 1310, 1740), (28, 1147, 1680), (37, 828, 508), (11, 1134, 612), (41, 2096, 2831), (40, 3104, 3399), (67, 1329, 1701), (56, 5065, 4768), (53, 2937, 3165), (69, 1, 388), (87, 1996, 2704), (29, 6109, 6918), (13, 1854, 2732), (9, 1331, 341), (77, 1549, 2451), (59, 3040, 3556), (70, 2877, 2450), (74, 3333, 3023), (16, 4494, 5333))
Step
75
Best val
57944

real	0m0.612s
user	0m0.480s
sys	0m0.012s

 maxvalue knapsack_instances/knapsack_instances/knapsack0.txt

((69, 1, 388), (14, 8, 372), (18, 19, 352), (64, 210, 795), (51, 440, 687), (37, 828, 508), (1, 955, 1248), (8, 1126, 788), (11, 1134, 612), (28, 1147, 1680), (100, 1310, 1740), (85, 1324, 630), (67, 1329, 1701), (9, 1331, 341), (19, 1360, 457), (77, 1549, 2451), (31, 1557, 2186), (78, 1573, 1331), (4, 1616, 2275), (13, 1854, 2732), (97, 1889, 2289), (87, 1996, 2704), (57, 2017, 2145), (17, 2030, 2269), (22, 2054, 2728), (41, 2096, 2831), (73, 2558, 3254), (70, 2877, 2450), (53, 2937, 3165), (59, 3040, 3556), (40, 3104, 3399), (16, 4494, 5333))
Step
1
Best val
59397

real	0m0.199s
user	0m0.189s
sys	0m0.008s

 randomized_maxvalue knapsack_instances/knapsack_instances/knapsack0.txt

((69, 1, 388), (14, 8, 372), (64, 210, 795), (51, 440, 687), (37, 828, 508), (1, 955, 1248), (8, 1126, 788), (28, 1147, 1680), (100, 1310, 1740), (67, 1329, 1701), (77, 1549, 2451), (31, 1557, 2186), (78, 1573, 1331), (4, 1616, 2275), (13, 1854, 2732), (97, 1889, 2289), (87, 1996, 2704), (57, 2017, 2145), (17, 2030, 2269), (22, 2054, 2728), (41, 2096, 2831), (73, 2558, 3254), (40, 3104, 3399), (59, 3040, 3556), (18, 19, 352), (53, 2937, 3165), (85, 1324, 630), (16, 4494, 5333), (68, 3185, 3423), (66, 3317, 3164))
Step
32
Best val
62124

real	0m0.245s
user	0m0.235s
sys	0m0.008s

 randomwalk knapsack_instances/knapsack_instances/knapsack1.txt

((36, 550, 1515), (7, 451, 75), (34, 3072, 3335), (13, 1009, 1810), (53, 639, 947), (46, 1728, 1156), (23, 1854, 2738), (4, 352, 925))
Step
86
Best val
12501

real	0m0.208s
user	0m0.171s
sys	0m0.008s

 maxvalue knapsack_instances/knapsack_instances/knapsack1.txt

((4, 352, 925), (21, 359, 51), (7, 451, 75), (36, 550, 1515), (67, 586, 258), (53, 639, 947), (66, 644, 718), (56, 751, 121), (43, 765, 948), (17, 981, 707), (13, 1009, 1810), (60, 1298, 1468), (65, 1324, 833))
Step
1
Best val
10376

real	0m0.125s
user	0m0.116s
sys	0m0.008s

 randomized_maxvalue knapsack_instances/knapsack_instances/knapsack1.txt

((4, 352, 925), (36, 550, 1515), (43, 765, 948), (13, 1009, 1810), (87, 1832, 2781), (23, 1854, 2738), (41, 2120, 2853), (66, 644, 718), (53, 639, 947))
Step
49
Best val
15235

real	0m0.138s
user	0m0.124s
sys	0m0.012s

 randomwalk knapsack_instances/knapsack_instances/knapsack2.txt

((90, 1, 151), (4, 1173, 2079), (40, 2209, 2739), (43, 192, 306), (34, 700, 1025), (53, 3292, 3881), (56, 2408, 2860))
Step
92
Best val
13041

real	0m0.211s
user	0m0.179s
sys	0m0.004s

 maxvalue knapsack_instances/knapsack_instances/knapsack2.txt

((90, 1, 151), (93, 131, 817), (43, 192, 306), (87, 524, 12), (34, 700, 1025), (2, 841, 1776), (60, 939, 686), (31, 978, 150), (4, 1173, 2079), (50, 1433, 1012), (75, 1552, 1036), (11, 1596, 2272))
Step
1
Best val
11322

real	0m0.117s
user	0m0.115s
sys	0m0.000s

 randomized_maxvalue knapsack_instances/knapsack_instances/knapsack2.txt

((93, 131, 817), (34, 700, 1025), (2, 841, 1776), (60, 939, 686), (4, 1173, 2079), (11, 1596, 2272), (46, 2074, 2959), (90, 1, 151), (43, 192, 306), (18, 2412, 3212))
Step
20
Best val
15283

real	0m0.136s
user	0m0.129s
sys	0m0.004s

 randomwalk knapsack_instances/knapsack_instances/knapsack3.txt

((14, 1, 571), (61, 1, 455), (93, 1, 199), (38, 248, 947), (42, 508, 920), (8, 561, 818), (90, 720, 1138), (99, 988, 1943), (52, 1026, 2023), (59, 1102, 1071), (78, 1387, 2218), (17, 2021, 2272), (100, 2547, 2267), (11, 2035, 2910), (94, 2375, 3014))
Step
6
Best val
22766

real	0m0.269s
user	0m0.225s
sys	0m0.016s

 maxvalue knapsack_instances/knapsack_instances/knapsack3.txt

((14, 1, 571), (61, 1, 455), (93, 1, 199), (95, 1, 363), (38, 248, 947), (42, 508, 920), (8, 561, 818), (90, 720, 1138), (55, 877, 1787), (99, 988, 1943), (52, 1026, 2023), (59, 1102, 1071), (78, 1387, 2218), (89, 1671, 1509), (17, 2021, 2272), (11, 2035, 2910), (94, 2375, 3014))
Step
1
Best val
24158

real	0m0.143s
user	0m0.136s
sys	0m0.004s

 randomized_maxvalue knapsack_instances/knapsack_instances/knapsack3.txt

((14, 1, 571), (38, 248, 947), (42, 508, 920), (8, 561, 818), (55, 877, 1787), (99, 988, 1943), (52, 1026, 2023), (78, 1387, 2218), (11, 2035, 2910), (61, 1, 455), (44, 873, 812), (90, 720, 1138), (95, 1, 363), (94, 2375, 3014), (59, 1102, 1071), (92, 2991, 3515), (93, 1, 199))
Step
56
Best val
24704

real	0m0.167s
user	0m0.160s
sys	0m0.011s

 randomwalk knapsack_instances/knapsack_instances/knapsack4.txt

((21, 1, 470), (23, 1, 205), (34, 1, 598), (52, 1, 313), (55, 1, 154), (76, 17, 370), (10, 243, 867), (27, 277, 1035), (48, 338, 155), (83, 881, 28), (2, 1196, 1253), (65, 1290, 901), (18, 4410, 4593), (85, 1432, 1599), (33, 1372, 1477), (12, 3265, 4068), (91, 2691, 3398), (86, 2216, 2187))
Step
16
Best val
23671

real	0m0.338s
user	0m0.317s
sys	0m0.004s

 maxvalue knapsack_instances/knapsack_instances/knapsack4.txt

((21, 1, 470), (23, 1, 205), (34, 1, 598), (52, 1, 313), (55, 1, 154), (76, 17, 370), (10, 243, 867), (27, 277, 1035), (48, 338, 155), (83, 881, 28), (46, 960, 756), (2, 1196, 1253), (65, 1290, 901), (33, 1372, 1477), (85, 1432, 1599), (20, 1434, 1815), (28, 1625, 1665), (90, 1980, 2124), (94, 1998, 2897), (66, 2000, 1533), (91, 2691, 3398))
Step
1
Best val
23613

real	0m0.167s
user	0m0.160s
sys	0m0.004s

 randomized_maxvalue knapsack_instances/knapsack_instances/knapsack4.txt

((21, 1, 470), (34, 1, 598), (52, 1, 313), (76, 17, 370), (10, 243, 867), (27, 277, 1035), (46, 960, 756), (2, 1196, 1253), (65, 1290, 901), (33, 1372, 1477), (85, 1432, 1599), (20, 1434, 1815), (28, 1625, 1665), (90, 1980, 2124), (23, 1, 205), (94, 1998, 2897), (91, 2691, 3398), (13, 3226, 4053), (55, 1, 154))
Step
22
Best val
25950

real	0m0.169s
user	0m0.158s
sys	0m0.008s

 randomwalk knapsack_instances/knapsack_instances/knapsack5.txt

((24, 1, 514), (54, 403, 624), (45, 764, 1239), (84, 1257, 941), (69, 1289, 1860), (23, 1465, 2156), (64, 1593, 1486), (76, 1515, 1412), (43, 3375, 4190), (26, 4917, 5636), (8, 4393, 5095), (82, 3352, 3745), (100, 3892, 4144))
Step
33
Best val
33042

real	0m0.341s
user	0m0.293s
sys	0m0.000s

 maxvalue knapsack_instances/knapsack_instances/knapsack5.txt

((24, 1, 514), (54, 403, 624), (45, 764, 1239), (37, 859, 1212), (74, 878, 11), (56, 1079, 1075), (84, 1257, 941), (69, 1289, 1860), (23, 1465, 2156), (76, 1515, 1412), (64, 1593, 1486), (48, 2021, 2029), (99, 2689, 1844), (30, 2923, 3587), (90, 2938, 3111), (52, 3630, 4412), (35, 3215, 3300))
Step
2
Best val
30813

real	0m0.143s
user	0m0.135s
sys	0m0.004s

 randomized_maxvalue knapsack_instances/knapsack_instances/knapsack5.txt

((54, 403, 624), (45, 764, 1239), (37, 859, 1212), (56, 1079, 1075), (84, 1257, 941), (69, 1289, 1860), (23, 1465, 2156), (76, 1515, 1412), (64, 1593, 1486), (48, 2021, 2029), (24, 1, 514), (32, 3306, 4007), (30, 2923, 3587), (52, 3630, 4412), (90, 2938, 3111), (43, 3375, 4190))
Step
34
Best val
33855

real	0m0.158s
user	0m0.147s
sys	0m0.008s

 randomwalk knapsack_instances/knapsack_instances/knapsack6.txt

((19, 1, 175), (73, 512, 652), (38, 575, 947), (85, 729, 1276), (80, 1098, 1761), (8, 1461, 2234), (78, 1549, 777), (49, 1755, 1749), (26, 1871, 2350), (57, 1875, 935), (22, 2096, 2670), (17, 2443, 3331), (52, 2028, 2702), (35, 2211, 3106), (68, 2292, 1765), (27, 2728, 3112), (5, 3348, 2658), (41, 1224, 725))
Step
14
Best val
32925

real	0m0.498s
user	0m0.394s
sys	0m0.008s

 maxvalue knapsack_instances/knapsack_instances/knapsack6.txt

((19, 1, 175), (73, 512, 652), (38, 575, 947), (85, 729, 1276), (6, 964, 920), (34, 997, 171), (80, 1098, 1761), (41, 1224, 725), (75, 1434, 1526), (8, 1461, 2234), (78, 1549, 777), (2, 1551, 730), (49, 1755, 1749), (26, 1871, 2350), (16, 1999, 2651), (52, 2028, 2702), (22, 2096, 2670), (63, 2098, 1478), (46, 3653, 4361), (35, 2211, 3106))
Step
2
Best val
32961

real	0m0.171s
user	0m0.165s
sys	0m0.004s

 randomized_maxvalue knapsack_instances/knapsack_instances/knapsack6.txt

((38, 575, 947), (85, 729, 1276), (6, 964, 920), (80, 1098, 1761), (41, 1224, 725), (75, 1434, 1526), (8, 1461, 2234), (49, 1755, 1749), (26, 1871, 2350), (22, 2096, 2670), (31, 2363, 3264), (35, 2211, 3106), (52, 2028, 2702), (16, 1999, 2651), (19, 1, 175), (73, 512, 652), (43, 2802, 3548), (17, 2443, 3331), (39, 2183, 2298))
Step
17
Best val
37885

real	0m0.187s
user	0m0.171s
sys	0m0.012s

 randomwalk knapsack_instances/knapsack_instances/knapsack7.txt

((13, 1, 489), (50, 1, 873), (1, 123, 92), (46, 192, 355), (93, 215, 305), (29, 430, 50), (4, 465, 428), (31, 511, 494), (51, 590, 1075), (57, 636, 190), (54, 777, 1749), (9, 779, 834), (55, 877, 1061), (100, 1045, 1829), (86, 1124, 1066), (28, 1385, 1672), (64, 1461, 2371), (40, 1476, 2223), (84, 1541, 1762), (5, 1587, 809), (66, 1659, 2349), (48, 1801, 1586), (10, 1871, 1923), (14, 1985, 1749), (32, 2020, 1980), (23, 2120, 1865), (67, 2378, 2617), (49, 3802, 4188))
Step
2
Best val
37984

real	0m0.384s
user	0m0.349s
sys	0m0.015s

 maxvalue knapsack_instances/knapsack_instances/knapsack7.txt

((13, 1, 489), (50, 1, 873), (1, 123, 92), (46, 192, 355), (93, 215, 305), (29, 430, 50), (4, 465, 428), (31, 511, 494), (51, 590, 1075), (57, 636, 190), (54, 777, 1749), (9, 779, 834), (55, 877, 1061), (100, 1045, 1829), (86, 1124, 1066), (28, 1385, 1672), (64, 1461, 2371), (73, 1470, 899), (40, 1476, 2223), (84, 1541, 1762), (5, 1587, 809), (66, 1659, 2349), (48, 1801, 1586), (10, 1871, 1923), (14, 1985, 1749), (32, 2020, 1980), (81, 2172, 1906), (67, 2378, 2617), (82, 2421, 3366))
Step
1
Best val
38102

real	0m0.173s
user	0m0.168s
sys	0m0.004s

 randomized_maxvalue knapsack_instances/knapsack_instances/knapsack7.txt

((13, 1, 489), (50, 1, 873), (31, 511, 494), (51, 590, 1075), (54, 777, 1749), (9, 779, 834), (55, 877, 1061), (100, 1045, 1829), (86, 1124, 1066), (28, 1385, 1672), (64, 1461, 2371), (73, 1470, 899), (40, 1476, 2223), (84, 1541, 1762), (66, 1659, 2349), (10, 1871, 1923), (82, 2421, 3366), (32, 2020, 1980), (70, 2743, 3618), (48, 1801, 1586), (23, 2120, 1865), (67, 2378, 2617), (4, 465, 428), (93, 215, 305), (46, 192, 355), (81, 2172, 1906))
Step
25
Best val
40695

real	0m0.204s
user	0m0.202s
sys	0m0.000s

 randomwalk knapsack_instances/knapsack_instances/knapsack8.txt

((85, 26, 953), (49, 343, 818), (32, 720, 159), (16, 1343, 1088), (6, 1739, 2621), (98, 1920, 1028), (21, 1954, 1888), (14, 2622, 2687), (11, 2749, 3527), (7, 3275, 3968), (24, 3506, 2554), (2, 1, 207), (35, 286, 1103), (25, 4166, 4720), (38, 3560, 4280), (92, 3624, 4040), (3, 2527, 2357), (52, 4632, 5091), (28, 3343, 3611), (5, 2319, 3151))
Step
21
Best val
49851

real	0m0.452s
user	0m0.414s
sys	0m0.012s

 maxvalue knapsack_instances/knapsack_instances/knapsack8.txt

((2, 1, 207), (85, 26, 953), (94, 267, 811), (35, 286, 1103), (49, 343, 818), (32, 720, 159), (16, 1343, 1088), (20, 1519, 2497), (6, 1739, 2621), (98, 1920, 1028), (21, 1954, 1888), (91, 2118, 1328), (39, 2136, 2775), (5, 2319, 3151), (3, 2527, 2357), (46, 2539, 2158), (14, 2622, 2687), (11, 2749, 3527), (36, 2863, 1932), (7, 3275, 3968), (38, 3560, 4280), (96, 4456, 5256), (93, 3570, 3880))
Step
2
Best val
50472

real	0m0.160s
user	0m0.159s
sys	0m0.000s

 randomized_maxvalue knapsack_instances/knapsack_instances/knapsack8.txt

((85, 26, 953), (94, 267, 811), (35, 286, 1103), (49, 343, 818), (16, 1343, 1088), (20, 1519, 2497), (6, 1739, 2621), (98, 1920, 1028), (21, 1954, 1888), (91, 2118, 1328), (39, 2136, 2775), (5, 2319, 3151), (3, 2527, 2357), (46, 2539, 2158), (14, 2622, 2687), (11, 2749, 3527), (38, 3560, 4280), (7, 3275, 3968), (2, 1, 207), (30, 4127, 5106), (92, 3624, 4040), (93, 3570, 3880))
Step
38
Best val
52271

real	0m0.175s
user	0m0.169s
sys	0m0.004s

 randomwalk knapsack_instances/knapsack_instances/knapsack9.txt

((45, 1, 545), (53, 1, 231), (67, 1, 70), (94, 1, 693), (97, 1, 251), (6, 223, 567), (22, 537, 1261), (59, 537, 1174), (5, 558, 1302), (89, 668, 172), (23, 774, 1574), (29, 782, 1295), (38, 902, 946), (68, 961, 508), (70, 1097, 903), (39, 1168, 918), (48, 1279, 1143), (2, 1329, 2042), (83, 1368, 2116), (56, 1407, 2029), (33, 1635, 2629), (86, 1867, 2255), (44, 1882, 1579), (63, 1890, 1521), (25, 1936, 2038), (19, 1977, 1435), (41, 2058, 1257), (3, 2240, 2836), (36, 2333, 2959), (49, 2692, 3257), (57, 2954, 2891), (7, 3922, 3695))
Step
2
Best val
48092

real	0m0.505s
user	0m0.471s
sys	0m0.006s

 maxvalue knapsack_instances/knapsack_instances/knapsack9.txt

((15, 1, 150), (45, 1, 545), (53, 1, 231), (67, 1, 70), (94, 1, 693), (97, 1, 251), (6, 223, 567), (22, 537, 1261), (59, 537, 1174), (5, 558, 1302), (89, 668, 172), (23, 774, 1574), (29, 782, 1295), (38, 902, 946), (68, 961, 508), (70, 1097, 903), (39, 1168, 918), (48, 1279, 1143), (2, 1329, 2042), (83, 1368, 2116), (56, 1407, 2029), (33, 1635, 2629), (86, 1867, 2255), (44, 1882, 1579), (63, 1890, 1521), (25, 1936, 2038), (19, 1977, 1435), (3, 2240, 2836), (36, 2333, 2959), (49, 2692, 3257), (57, 2954, 2891), (11, 3188, 4165), (32, 3227, 4145))
Step
2
Best val
51600

real	0m0.197s
user	0m0.186s
sys	0m0.008s

 randomized_maxvalue knapsack_instances/knapsack_instances/knapsack9.txt

((45, 1, 545), (53, 1, 231), (94, 1, 693), (6, 223, 567), (22, 537, 1261), (59, 537, 1174), (5, 558, 1302), (89, 668, 172), (23, 774, 1574), (29, 782, 1295), (38, 902, 946), (70, 1097, 903), (39, 1168, 918), (48, 1279, 1143), (2, 1329, 2042), (83, 1368, 2116), (56, 1407, 2029), (33, 1635, 2629), (86, 1867, 2255), (44, 1882, 1579), (63, 1890, 1521), (25, 1936, 2038), (19, 1977, 1435), (3, 2240, 2836), (36, 2333, 2959), (49, 2692, 3257), (11, 3188, 4165), (32, 3227, 4145), (97, 1, 251), (67, 1, 70), (72, 3909, 4347), (15, 1, 150))
Step
16
Best val
52548

real	0m0.219s
user	0m0.208s
sys	0m0.008s
